<?xml version="1.0" encoding="UTF-8"?>
<!-- Generated by org.testng.reporters.JUnitXMLReporter -->
<testsuite ignored="1" hostname="DESKTOP-8933E9J" failures="1" tests="5" name="Personal Loan" time="0.058" errors="0" timestamp="2020-11-27T14:03:00 MEZ">
  <testcase classname="test.basic1" name="Demo1" time="0.007">
    <failure type="java.lang.AssertionError" message="did not expect to find [true] but found [false]">
      <![CDATA[java.lang.AssertionError: did not expect to find [true] but found [false]
at test.basic1.Demo1(basic1.java:25)
at java.base/java.util.ArrayList.forEach(ArrayList.java:1378)
... Removed 31 stack frames]]>
    </failure>
  </testcase> <!-- Demo1 -->
  <testcase classname="test.basic2" name="Demo3" time="0.003"/>
  <testcase classname="test.basic4" name="LoginAPIHomeLoan" time="0.001"/>
  <testcase classname="test.basic4" name="MobileLoginHomeLoan" time="0.001"/>
  <testcase classname="test.basic4" name="WebLoginHomeLoan" time="0.003"/>
  <testcase classname="test.basic1" name="Demo2" time="0.0">
    <ignored/>
  </testcase> <!-- Demo2 -->
</testsuite> <!-- Personal Loan -->
